g:\homework\os\exp6\ush\win\ush-win\ush-win\debug\vc140.pdb
g:\homework\os\exp6\ush\win\ush-win\ush-win\debug\vc140.idb
g:\homework\os\exp6\ush\win\ush-win\ush-win\debug\test.obj
g:\homework\os\exp6\ush\win\ush-win\ush-win\debug\ucd.obj
g:\homework\os\exp6\ush\win\ush-win\ush-win\debug\ucp.obj
g:\homework\os\exp6\ush\win\ush-win\ush-win\debug\uln.obj
g:\homework\os\exp6\ush\win\ush-win\ush-win\debug\umkdir.obj
g:\homework\os\exp6\ush\win\ush-win\ush-win\debug\ush.obj
g:\homework\os\exp6\ush\win\ush-win\ush-win\debug\parser.obj
g:\homework\os\exp6\ush\win\ush-win\ush-win\debug\utime.obj
g:\homework\os\exp6\ush\win\ush-win\debug\ush-win.ilk
g:\homework\os\exp6\ush\win\ush-win\debug\ush-win.exe
g:\homework\os\exp6\ush\win\ush-win\debug\ush-win.pdb
g:\homework\os\exp6\ush\win\ush-win\ush-win\debug\ush-win.res
g:\homework\os\exp6\ush\win\ush-win\ush-win\debug\ush-win.tlog\cl.command.1.tlog
g:\homework\os\exp6\ush\win\ush-win\ush-win\debug\ush-win.tlog\cl.read.1.tlog
g:\homework\os\exp6\ush\win\ush-win\ush-win\debug\ush-win.tlog\cl.write.1.tlog
g:\homework\os\exp6\ush\win\ush-win\ush-win\debug\ush-win.tlog\link.command.1.tlog
g:\homework\os\exp6\ush\win\ush-win\ush-win\debug\ush-win.tlog\link.read.1.tlog
g:\homework\os\exp6\ush\win\ush-win\ush-win\debug\ush-win.tlog\link.write.1.tlog
g:\homework\os\exp6\ush\win\ush-win\ush-win\debug\ush-win.tlog\rc.command.1.tlog
g:\homework\os\exp6\ush\win\ush-win\ush-win\debug\ush-win.tlog\rc.read.1.tlog
g:\homework\os\exp6\ush\win\ush-win\ush-win\debug\ush-win.tlog\rc.write.1.tlog
